<?xml version="1.0" encoding="UTF-8"?>
<!-- Generated by org.testng.reporters.JUnitXMLReporter -->
<testsuite ignored="1" hostname="SANDEEP_N_REDDY" failures="0" tests="1" name="Default test" time="22.35" errors="0" timestamp="2021-12-19T16:37:58 IST">
  <testcase classname="Assessment_Automation.Automation.kudosPage" name="kudosSendFailure" time="22.289"/>
  <testcase classname="Assessment_Automation.Automation.kudosPage" name="kudosSend" time="0.0">
    <ignored/>
  </testcase> <!-- kudosSend -->
</testsuite> <!-- Default test -->
