<?xml version="1.0" encoding="UTF-8"?>
<testng-results ignored="1" total="2" passed="1" failed="0" skipped="0">
  <reporter-output>
  </reporter-output>
  <suite started-at="2021-12-19T16:37:36 IST" name="Default suite" finished-at="2021-12-19T16:37:58 IST" duration-ms="22350">
    <groups>
    </groups>
    <test started-at="2021-12-19T16:37:36 IST" name="Default test" finished-at="2021-12-19T16:37:58 IST" duration-ms="22350">
      <class name="Assessment_Automation.Automation.kudosPage">
        <test-method signature="kudosSendFailure()[pri:0, instance:Assessment_Automation.Automation.kudosPage@7fe7c640]" started-at="2021-12-19T16:37:36 IST" name="kudosSendFailure" finished-at="2021-12-19T16:37:58 IST" duration-ms="22289" status="PASS">
          <reporter-output>
          </reporter-output>
        </test-method> <!-- kudosSendFailure -->
      </class> <!-- Assessment_Automation.Automation.kudosPage -->
    </test> <!-- Default test -->
  </suite> <!-- Default suite -->
</testng-results>
